#
# There is insufficient memory for the Java Runtime Environment to continue.
# Native memory allocation (mmap) failed to map 65536 bytes for Failed to commit area from 0x00000162b2570000 to 0x00000162b2580000 of length 65536.
# Possible reasons:
#   The system is out of physical RAM or swap space
#   The process is running with CompressedOops enabled, and the Java Heap may be blocking the growth of the native heap
# Possible solutions:
#   Reduce memory load on the system
#   Increase physical memory or swap space
#   Check if swap backing store is full
#   Decrease Java heap size (-Xmx/-Xms)
#   Decrease number of Java threads
#   Decrease Java thread stack sizes (-Xss)
#   Set larger code cache with -XX:ReservedCodeCacheSize=
# This output file may be truncated or incomplete.
#
#  Out of Memory Error (./open/src/hotspot/os/windows/os_windows.cpp:3287), pid=27400, tid=23336
#
# JRE version:  (11.0.15.1+2) (build )
# Java VM: Java HotSpot(TM) 64-Bit Server VM (11.0.15.1+2-LTS-10, mixed mode, sharing, tiered, compressed oops, g1 gc, windows-amd64)
# No core dump will be written. Minidumps are not enabled by default on client versions of Windows
#

---------------  S U M M A R Y ------------

Command Line: -Dfile.encoding=UTF-8 --module-path=E:\Hotel Management System in Java\Hotel Management System\build\classes hotel.management.system.AddCustomer

Host: AMD Ryzen 5 3500U with Radeon Vega Mobile Gfx  , 8 cores, 5G,  Windows 10 , 64 bit Build 19041 (10.0.19041.1889)
Time: Tue Nov  8 02:43:13 2022 Bangladesh Standard Time elapsed time: 0.026304 seconds (0d 0h 0m 0s)

---------------  T H R E A D  ---------------

Current thread (0x000001629b112000):  JavaThread "Unknown thread" [_thread_in_vm, id=23336, stack(0x0000001c34700000,0x0000001c34800000)]

Stack: [0x0000001c34700000,0x0000001c34800000]
Native frames: (J=compiled Java code, j=interpreted, Vv=VM code, C=native code)
V  [jvm.dll+0x629d8a]
V  [jvm.dll+0x7638ff]
V  [jvm.dll+0x764fa9]
V  [jvm.dll+0x765633]
V  [jvm.dll+0x23d9c8]
V  [jvm.dll+0x6270aa]
V  [jvm.dll+0x61be35]
V  [jvm.dll+0x2f27dc]
V  [jvm.dll+0x2f2662]
V  [jvm.dll+0x2f74a0]
V  [jvm.dll+0x339ddb]
V  [jvm.dll+0x3397c0]
V  [jvm.dll+0x2cfdf8]
V  [jvm.dll+0x2d0f66]
V  [jvm.dll+0x73df07]
V  [jvm.dll+0x73f79f]
V  [jvm.dll+0x346ab9]
V  [jvm.dll+0x723810]
V  [jvm.dll+0x3b56cf]
V  [jvm.dll+0x3b77e1]
C  [jli.dll+0x5207]
C  [ucrtbase.dll+0x21bb2]
C  [KERNEL32.DLL+0x17034]
C  [ntdll.dll+0x526a1]


---------------  P R O C E S S  ---------------

Threads class SMR info:
_java_thread_list=0x000001629972be50, length=0, elements={
}

Java Threads: ( => current thread )

Other Threads:
  0x000001629b127800 GCTaskThread "GC Thread#0" [stack: 0x0000001c34800000,0x0000001c34900000] [id=26892]
  0x000001629b14f000 ConcurrentGCThread "G1 Main Marker" [stack: 0x0000001c34900000,0x0000001c34a00000] [id=26344]
  0x000001629b150800 ConcurrentGCThread "G1 Conc#0" [stack: 0x0000001c34a00000,0x0000001c34b00000] [id=25192]

[error occurred during error reporting (printing all threads), id 0xc0000005, EXCEPTION_ACCESS_VIOLATION (0xc0000005) at pc=0x00007ffc193ef087]

VM state:not at safepoint (not fully initialized)

VM Mutex/Monitor currently owned by a thread:  ([mutex/lock_event])
[0x000001629b10e8d0] Heap_lock - owner thread: 0x000001629b112000

Heap address: 0x00000000a0c00000, size: 1524 MB, Compressed Oops mode: Non-zero based: 0x00000000a0c00000
Narrow klass base: 0x0000000000000000, Narrow klass shift: 0

GC Heap History (0 events):
No events

Deoptimization events (0 events):
No events

Classes redefined (0 events):
No events

Internal exceptions (0 events):
No events

Events (0 events):
No events


Dynamic libraries:
0x00007ff683590000 - 0x00007ff68359f000 	D:\Java\jdk-11.0.15.1\bin\java.exe
0x00007ffc93530000 - 0x00007ffc93728000 	C:\Windows\SYSTEM32\ntdll.dll
0x00007ffc919f0000 - 0x00007ffc91aad000 	C:\Windows\System32\KERNEL32.DLL
0x00007ffc90dc0000 - 0x00007ffc91092000 	C:\Windows\System32\KERNELBASE.dll
0x00007ffc91300000 - 0x00007ffc91400000 	C:\Windows\System32\ucrtbase.dll
0x00007ffc43b70000 - 0x00007ffc43b85000 	D:\Java\jdk-11.0.15.1\bin\VCRUNTIME140.dll
0x00007ffc85730000 - 0x00007ffc85748000 	D:\Java\jdk-11.0.15.1\bin\jli.dll
0x00007ffc92360000 - 0x00007ffc9240e000 	C:\Windows\System32\ADVAPI32.dll
0x00007ffc92cd0000 - 0x00007ffc92d6e000 	C:\Windows\System32\msvcrt.dll
0x00007ffc92d70000 - 0x00007ffc92e0c000 	C:\Windows\System32\sechost.dll
0x00007ffc918c0000 - 0x00007ffc919e5000 	C:\Windows\System32\RPCRT4.dll
0x00007ffc92e10000 - 0x00007ffc92fad000 	C:\Windows\System32\USER32.dll
0x00007ffc7d840000 - 0x00007ffc7dada000 	C:\Windows\WinSxS\amd64_microsoft.windows.common-controls_6595b64144ccf1df_6.0.19041.1110_none_60b5254171f9507e\COMCTL32.dll
0x00007ffc90d90000 - 0x00007ffc90db2000 	C:\Windows\System32\win32u.dll
0x00007ffc91b60000 - 0x00007ffc91b8b000 	C:\Windows\System32\GDI32.dll
0x00007ffc910a0000 - 0x00007ffc911af000 	C:\Windows\System32\gdi32full.dll
0x00007ffc91260000 - 0x00007ffc912fd000 	C:\Windows\System32\msvcp_win.dll
0x00007ffc89840000 - 0x00007ffc8984a000 	C:\Windows\SYSTEM32\VERSION.dll
0x00007ffc934c0000 - 0x00007ffc934f0000 	C:\Windows\System32\IMM32.DLL
0x00007ffc82ed0000 - 0x00007ffc82f6b000 	D:\Java\jdk-11.0.15.1\bin\msvcp140.dll
0x00007ffc19110000 - 0x00007ffc19c26000 	D:\Java\jdk-11.0.15.1\bin\server\jvm.dll
0x00007ffc934b0000 - 0x00007ffc934b8000 	C:\Windows\System32\PSAPI.DLL
0x00007ffc891e0000 - 0x00007ffc891e9000 	C:\Windows\SYSTEM32\WSOCK32.dll
0x00007ffc92fb0000 - 0x00007ffc9301b000 	C:\Windows\System32\WS2_32.dll
0x00007ffc862b0000 - 0x00007ffc862d7000 	C:\Windows\SYSTEM32\WINMM.dll
0x00007ffc8f490000 - 0x00007ffc8f4a2000 	C:\Windows\SYSTEM32\kernel.appcore.dll
0x00007ffc5ce10000 - 0x00007ffc5ce20000 	D:\Java\jdk-11.0.15.1\bin\verify.dll
0x00007ffc8e8d0000 - 0x00007ffc8eab4000 	C:\Windows\SYSTEM32\DBGHELP.DLL
0x00007ffc780f0000 - 0x00007ffc7811c000 	C:\Windows\SYSTEM32\dbgcore.DLL
0x00007ffc90d00000 - 0x00007ffc90d82000 	C:\Windows\System32\bcryptPrimitives.dll
0x00007ffc1dee0000 - 0x00007ffc1df08000 	D:\Java\jdk-11.0.15.1\bin\java.dll
0x00007ffc5c530000 - 0x00007ffc5c53a000 	D:\Java\jdk-11.0.15.1\bin\jimage.dll
0x00007ffc439f0000 - 0x00007ffc43a06000 	D:\Java\jdk-11.0.15.1\bin\zip.dll

dbghelp: loaded successfully - version: 4.0.5 - missing functions: none
symbol engine: initialized successfully - sym options: 0x614 - pdb path: .;D:\Java\jdk-11.0.15.1\bin;C:\Windows\SYSTEM32;C:\Windows\WinSxS\amd64_microsoft.windows.common-controls_6595b64144ccf1df_6.0.19041.1110_none_60b5254171f9507e;D:\Java\jdk-11.0.15.1\bin\server

VM Arguments:
jvm_args: -Dfile.encoding=UTF-8 --module-path=E:\Hotel Management System in Java\Hotel Management System\build\classes 
java_command: hotel.management.system.AddCustomer
java_class_path (initial): C:\Users\asus\Downloads\mysql-connector-java-8.0.28.jar;E:\Hotel Management System in Java\Hotel Management System\build\classes
Launcher Type: SUN_STANDARD

[Global flags]
     intx CICompilerCount                          = 4                                         {product} {ergonomic}
     uint ConcGCThreads                            = 2                                         {product} {ergonomic}
     uint G1ConcRefinementThreads                  = 8                                         {product} {ergonomic}
   size_t G1HeapRegionSize                         = 1048576                                   {product} {ergonomic}
    uintx GCDrainStackTargetSize                   = 64                                        {product} {ergonomic}
   size_t InitialHeapSize                          = 100663296                                 {product} {ergonomic}
   size_t MarkStackSize                            = 4194304                                   {product} {ergonomic}
   size_t MaxHeapSize                              = 1598029824                                {product} {ergonomic}
   size_t MinHeapDeltaBytes                        = 1048576                                   {product} {ergonomic}
    uintx NonNMethodCodeHeapSize                   = 5836300                                {pd product} {ergonomic}
    uintx NonProfiledCodeHeapSize                  = 122910970                              {pd product} {ergonomic}
    uintx ProfiledCodeHeapSize                     = 122910970                              {pd product} {ergonomic}
    uintx ReservedCodeCacheSize                    = 251658240                              {pd product} {ergonomic}
     bool SegmentedCodeCache                       = true                                      {product} {ergonomic}
     bool UseCompressedClassPointers               = true                                 {lp64_product} {ergonomic}
     bool UseCompressedOops                        = true                                 {lp64_product} {ergonomic}
     bool UseG1GC                                  = true                                      {product} {ergonomic}
     bool UseLargePagesIndividualAllocation        = false                                  {pd product} {ergonomic}

Logging:
Log output configuration:
 #0: stdout all=warning uptime,level,tags
 #1: stderr all=off uptime,level,tags

Environment Variables:
PATH=C:\Program Files\Common Files\Oracle\Java\javapath;D:\Oracle\app\oracle\product\10.2.0\server\bin;C:\Windows\system32;C:\Windows;C:\Windows\System32\Wbem;C:\Windows\System32\WindowsPowerShell\v1.0\;C:\Windows\System32\OpenSSH\;C:\Program Files (x86)\NVIDIA Corporation\PhysX\Common;C:\Program Files\NVIDIA Corporation\NVIDIA NvDLISR;C:\Program Files\MySQL\MySQL Shell 8.0\bin\;D:\Anaconda;D:\Anaconda\Library\mingw-w64\bin;D:\Anaconda\Library\usr\bin;D:\Anaconda\Library\bin;D:\Anaconda\Scripts;C:\Users\asus\AppData\Local\Microsoft\WindowsApps;D:\vs\Microsoft VS Code\bin;D:\INtellij Idea\IntelliJ IDEA Community Edition 2022.2.3\bin;
USERNAME=asus
OS=Windows_NT
PROCESSOR_IDENTIFIER=AMD64 Family 23 Model 24 Stepping 1, AuthenticAMD



---------------  S Y S T E M  ---------------

OS: Windows 10 , 64 bit Build 19041 (10.0.19041.1889)

CPU:total 8 (initial active 8) (8 cores per cpu, 2 threads per core) family 23 model 24 stepping 1 microcode 0x0, cmov, cx8, fxsr, mmx, sse, sse2, sse3, ssse3, sse4.1, sse4.2, popcnt, avx, avx2, aes, clmul, mmxext, 3dnowpref, lzcnt, sse4a, ht, tsc, tscinvbit, tscinv, bmi1, bmi2, adx, s

Memory: 4k page, system-wide physical 6091M (413M free)
TotalPageFile size 22135M (AvailPageFile size 2M)
current process WorkingSet (physical memory assigned to process): 12M, peak: 12M
current process commit charge ("private bytes"): 159M, peak: 159M

vm_info: Java HotSpot(TM) 64-Bit Server VM (11.0.15.1+2-LTS-10) for windows-amd64 JRE (11.0.15.1+2-LTS-10), built on Apr 25 2022 21:51:57 by "mach5one" with MS VC++ 15.9 (VS2017)

END.
