#
# There is insufficient memory for the Java Runtime Environment to continue.
# Native memory allocation (malloc) failed to allocate 32744 bytes for ChunkPool::allocate
# Possible reasons:
#   The system is out of physical RAM or swap space
#   The process is running with CompressedOops enabled, and the Java Heap may be blocking the growth of the native heap
# Possible solutions:
#   Reduce memory load on the system
#   Increase physical memory or swap space
#   Check if swap backing store is full
#   Decrease Java heap size (-Xmx/-Xms)
#   Decrease number of Java threads
#   Decrease Java thread stack sizes (-Xss)
#   Set larger code cache with -XX:ReservedCodeCacheSize=
#   JVM is running with Unscaled Compressed Oops mode in which the Java heap is
#     placed in the first 4GB address space. The Java Heap base address is the
#     maximum limit for the native heap growth. Please use -XX:HeapBaseMinAddress
#     to set the Java Heap base and to place the Java Heap above 4GB virtual address.
# This output file may be truncated or incomplete.
#
#  Out of Memory Error (./open/src/hotspot/share/memory/arena.cpp:81), pid=16180, tid=12960
#
# JRE version: Java(TM) SE Runtime Environment 18.9 (11.0.15.1+2) (build 11.0.15.1+2-LTS-10)
# Java VM: Java HotSpot(TM) 64-Bit Server VM 18.9 (11.0.15.1+2-LTS-10, mixed mode, tiered, compressed oops, g1 gc, windows-amd64)
# No core dump will be written. Minidumps are not enabled by default on client versions of Windows
#

---------------  S U M M A R Y ------------

Command Line: -Dfile.encoding=UTF-8 --module-path=E:\Hotel Management System in Java\Hotel Management System\build\classes hotel.management.system.Dashboard

Host: AMD Ryzen 5 3500U with Radeon Vega Mobile Gfx  , 8 cores, 5G,  Windows 11 , 64 bit Build 22621 (10.0.22621.755)
Time: Tue Nov 15 17:27:10 2022 Bangladesh Standard Time elapsed time: 6734.292376 seconds (0d 1h 52m 14s)

---------------  T H R E A D  ---------------

Current thread (0x000001b934a4b800):  JavaThread "C1 CompilerThread0" daemon [_thread_in_native, id=12960, stack(0x00000037d1300000,0x00000037d1400000)]


Current CompileTask:
C1:6734294 1558       3       java.lang.invoke.MethodHandles$Lookup::in (168 bytes)

Stack: [0x00000037d1300000,0x00000037d1400000]
Native frames: (J=compiled Java code, j=interpreted, Vv=VM code, C=native code)
V  [jvm.dll+0x629d8a]
V  [jvm.dll+0x7638ff]
V  [jvm.dll+0x764fa9]
V  [jvm.dll+0x765633]
V  [jvm.dll+0x23d9c8]
V  [jvm.dll+0xb2c7b]
V  [jvm.dll+0xb2fdc]
V  [jvm.dll+0xbe88a]
V  [jvm.dll+0x15a76b]
V  [jvm.dll+0x1625fd]
V  [jvm.dll+0x159e75]
V  [jvm.dll+0x15937a]
V  [jvm.dll+0x1631bb]
V  [jvm.dll+0x15a4cb]
V  [jvm.dll+0x15ddcf]
V  [jvm.dll+0x1189d5]
V  [jvm.dll+0x11826f]
V  [jvm.dll+0x11849f]
V  [jvm.dll+0x117744]
V  [jvm.dll+0x119617]
V  [jvm.dll+0x207026]
V  [jvm.dll+0x2051bb]
V  [jvm.dll+0x729820]
V  [jvm.dll+0x7223f4]
V  [jvm.dll+0x628c26]
C  [ucrtbase.dll+0x29363]
C  [KERNEL32.DLL+0x1244d]
C  [ntdll.dll+0x5dfb8]


---------------  P R O C E S S  ---------------

Threads class SMR info:
_java_thread_list=0x000001b9358ae480, length=15, elements={
0x000001b934a2b800, 0x000001b934a2c800, 0x000001b9353c2800, 0x000001b934a45800,
0x000001b934a46800, 0x000001b934a4a000, 0x000001b934a4b800, 0x000001b934a52000,
0x000001b9354be000, 0x000001b935888800, 0x000001b93588c800, 0x000001b935907800,
0x000001b93b51c800, 0x000001b917d84000, 0x000001b93b4d6000
}

Java Threads: ( => current thread )
  0x000001b934a2b800 JavaThread "Reference Handler" daemon [_thread_blocked, id=16724, stack(0x00000037d0d00000,0x00000037d0e00000)]
  0x000001b934a2c800 JavaThread "Finalizer" daemon [_thread_blocked, id=4140, stack(0x00000037d0e00000,0x00000037d0f00000)]
  0x000001b9353c2800 JavaThread "Signal Dispatcher" daemon [_thread_blocked, id=9812, stack(0x00000037d0f00000,0x00000037d1000000)]
  0x000001b934a45800 JavaThread "Attach Listener" daemon [_thread_blocked, id=4012, stack(0x00000037d1000000,0x00000037d1100000)]
  0x000001b934a46800 JavaThread "Service Thread" daemon [_thread_blocked, id=20360, stack(0x00000037d1100000,0x00000037d1200000)]
  0x000001b934a4a000 JavaThread "C2 CompilerThread0" daemon [_thread_blocked, id=13508, stack(0x00000037d1200000,0x00000037d1300000)]
=>0x000001b934a4b800 JavaThread "C1 CompilerThread0" daemon [_thread_in_native, id=12960, stack(0x00000037d1300000,0x00000037d1400000)]
  0x000001b934a52000 JavaThread "Sweeper thread" daemon [_thread_blocked, id=8052, stack(0x00000037d1400000,0x00000037d1500000)]
  0x000001b9354be000 JavaThread "Common-Cleaner" daemon [_thread_blocked, id=1948, stack(0x00000037d1500000,0x00000037d1600000)]
  0x000001b935888800 JavaThread "Java2D Disposer" daemon [_thread_blocked, id=9716, stack(0x00000037d1800000,0x00000037d1900000)]
  0x000001b93588c800 JavaThread "AWT-Shutdown" [_thread_blocked, id=2756, stack(0x00000037d1900000,0x00000037d1a00000)]
  0x000001b935907800 JavaThread "AWT-Windows" daemon [_thread_in_Java, id=5436, stack(0x00000037d1a00000,0x00000037d1b00000)]
  0x000001b93b51c800 JavaThread "AWT-EventQueue-0" [_thread_blocked, id=13204, stack(0x00000037d2400000,0x00000037d2500000)]
  0x000001b917d84000 JavaThread "DestroyJavaVM" [_thread_blocked, id=14364, stack(0x00000037d0600000,0x00000037d0700000)]
  0x000001b93b4d6000 JavaThread "D3D Screen Updater" daemon [_thread_blocked, id=18824, stack(0x00000037d2500000,0x00000037d2600000)]

Other Threads:
  0x000001b934a27800 VMThread "VM Thread" [stack: 0x00000037d0c00000,0x00000037d0d00000] [id=9448]
  0x000001b935636000 WatcherThread [stack: 0x00000037d1700000,0x00000037d1800000] [id=20504]
  0x000001b917d99000 GCTaskThread "GC Thread#0" [stack: 0x00000037d0700000,0x00000037d0800000] [id=12680]
  0x000001b935cbc000 GCTaskThread "GC Thread#1" [stack: 0x00000037d2600000,0x00000037d2700000] [id=6364]
  0x000001b935cbc800 GCTaskThread "GC Thread#2" [stack: 0x00000037d2700000,0x00000037d2800000] [id=17644]
  0x000001b935cbd800 GCTaskThread "GC Thread#3" [stack: 0x00000037d2800000,0x00000037d2900000] [id=15336]
  0x000001b935cbe800 GCTaskThread "GC Thread#4" [stack: 0x00000037d2900000,0x00000037d2a00000] [id=15640]
  0x000001b935bba000 GCTaskThread "GC Thread#5" [stack: 0x00000037d2a00000,0x00000037d2b00000] [id=5448]
  0x000001b917dbe800 ConcurrentGCThread "G1 Main Marker" [stack: 0x00000037d0800000,0x00000037d0900000] [id=8620]
  0x000001b917dc1000 ConcurrentGCThread "G1 Conc#0" [stack: 0x00000037d0900000,0x00000037d0a00000] [id=17872]
  0x000001b917e49000 ConcurrentGCThread "G1 Refine#0" [stack: 0x00000037d0a00000,0x00000037d0b00000] [id=6180]
  0x000001b917e4c000 ConcurrentGCThread "G1 Young RemSet Sampling" [stack: 0x00000037d0b00000,0x00000037d0c00000] [id=3196]

Threads with active compile tasks:
C1 CompilerThread06734354 1558       3       java.lang.invoke.MethodHandles$Lookup::in (168 bytes)

VM state:not at safepoint (normal execution)

VM Mutex/Monitor currently owned by a thread: None

Heap address: 0x00000000a0c00000, size: 1524 MB, Compressed Oops mode: 32-bit
Narrow klass base: 0x0000000000000000, Narrow klass shift: 3
Compressed class space size: 1073741824 Address: 0x0000000100000000

Heap:
 garbage-first heap   total 98304K, used 21333K [0x00000000a0c00000, 0x0000000100000000)
  region size 1024K, 9 young (9216K), 3 survivors (3072K)
 Metaspace       used 15828K, capacity 16232K, committed 16512K, reserved 1064960K
  class space    used 1663K, capacity 1868K, committed 1920K, reserved 1048576K
Heap Regions: E=young(eden), S=young(survivor), O=old, HS=humongous(starts), HC=humongous(continues), CS=collection set, F=free, A=archive, TAMS=top-at-mark-start (previous, next)
|   0|0x00000000a0c00000, 0x00000000a0d00000, 0x00000000a0d00000|100%|HS|  |TAMS 0x00000000a0c00000, 0x00000000a0c00000| Complete 
|   1|0x00000000a0d00000, 0x00000000a0e00000, 0x00000000a0e00000|100%|HC|  |TAMS 0x00000000a0d00000, 0x00000000a0d00000| Complete 
|   2|0x00000000a0e00000, 0x00000000a0f00000, 0x00000000a0f00000|100%|HC|  |TAMS 0x00000000a0e00000, 0x00000000a0e00000| Complete 
|   3|0x00000000a0f00000, 0x00000000a1000000, 0x00000000a1000000|100%|HC|  |TAMS 0x00000000a0f00000, 0x00000000a0f00000| Complete 
|   4|0x00000000a1000000, 0x00000000a1100000, 0x00000000a1100000|100%|HC|  |TAMS 0x00000000a1000000, 0x00000000a1000000| Complete 
|   5|0x00000000a1100000, 0x00000000a1200000, 0x00000000a1200000|100%|HC|  |TAMS 0x00000000a1100000, 0x00000000a1100000| Complete 
|   6|0x00000000a1200000, 0x00000000a1300000, 0x00000000a1300000|100%|HC|  |TAMS 0x00000000a1200000, 0x00000000a1200000| Complete 
|   7|0x00000000a1300000, 0x00000000a1400000, 0x00000000a1400000|100%|HS|  |TAMS 0x00000000a1300000, 0x00000000a1300000| Complete 
|   8|0x00000000a1400000, 0x00000000a1500000, 0x00000000a1500000|100%|HC|  |TAMS 0x00000000a1400000, 0x00000000a1400000| Complete 
|   9|0x00000000a1500000, 0x00000000a1600000, 0x00000000a1600000|100%|HC|  |TAMS 0x00000000a1500000, 0x00000000a1500000| Complete 
|  10|0x00000000a1600000, 0x00000000a1700000, 0x00000000a1700000|100%|HC|  |TAMS 0x00000000a1600000, 0x00000000a1600000| Complete 
|  11|0x00000000a1700000, 0x00000000a1800000, 0x00000000a1800000|100%|HC|  |TAMS 0x00000000a1700000, 0x00000000a1700000| Complete 
|  12|0x00000000a1800000, 0x00000000a1900000, 0x00000000a1900000|100%|HC|  |TAMS 0x00000000a1800000, 0x00000000a1800000| Complete 
|  13|0x00000000a1900000, 0x00000000a1900000, 0x00000000a1a00000|  0%| F|  |TAMS 0x00000000a1900000, 0x00000000a1900000| Untracked 
|  14|0x00000000a1a00000, 0x00000000a1a00000, 0x00000000a1b00000|  0%| F|  |TAMS 0x00000000a1a00000, 0x00000000a1a00000| Untracked 
|  15|0x00000000a1b00000, 0x00000000a1b00000, 0x00000000a1c00000|  0%| F|  |TAMS 0x00000000a1b00000, 0x00000000a1b00000| Untracked 
|  16|0x00000000a1c00000, 0x00000000a1c00000, 0x00000000a1d00000|  0%| F|  |TAMS 0x00000000a1c00000, 0x00000000a1c00000| Untracked 
|  17|0x00000000a1d00000, 0x00000000a1d00000, 0x00000000a1e00000|  0%| F|  |TAMS 0x00000000a1d00000, 0x00000000a1d00000| Untracked 
|  18|0x00000000a1e00000, 0x00000000a1e00000, 0x00000000a1f00000|  0%| F|  |TAMS 0x00000000a1e00000, 0x00000000a1e00000| Untracked 
|  19|0x00000000a1f00000, 0x00000000a1f00000, 0x00000000a2000000|  0%| F|  |TAMS 0x00000000a1f00000, 0x00000000a1f00000| Untracked 
|  20|0x00000000a2000000, 0x00000000a2000000, 0x00000000a2100000|  0%| F|  |TAMS 0x00000000a2000000, 0x00000000a2000000| Untracked 
|  21|0x00000000a2100000, 0x00000000a2100000, 0x00000000a2200000|  0%| F|  |TAMS 0x00000000a2100000, 0x00000000a2100000| Untracked 
|  22|0x00000000a2200000, 0x00000000a2200000, 0x00000000a2300000|  0%| F|  |TAMS 0x00000000a2200000, 0x00000000a2200000| Untracked 
|  23|0x00000000a2300000, 0x00000000a2300000, 0x00000000a2400000|  0%| F|  |TAMS 0x00000000a2300000, 0x00000000a2300000| Untracked 
|  24|0x00000000a2400000, 0x00000000a2400000, 0x00000000a2500000|  0%| F|  |TAMS 0x00000000a2400000, 0x00000000a2400000| Untracked 
|  25|0x00000000a2500000, 0x00000000a2500000, 0x00000000a2600000|  0%| F|  |TAMS 0x00000000a2500000, 0x00000000a2500000| Untracked 
|  26|0x00000000a2600000, 0x00000000a2600000, 0x00000000a2700000|  0%| F|  |TAMS 0x00000000a2600000, 0x00000000a2600000| Untracked 
|  27|0x00000000a2700000, 0x00000000a2700000, 0x00000000a2800000|  0%| F|  |TAMS 0x00000000a2700000, 0x00000000a2700000| Untracked 
|  28|0x00000000a2800000, 0x00000000a2800000, 0x00000000a2900000|  0%| F|  |TAMS 0x00000000a2800000, 0x00000000a2800000| Untracked 
|  29|0x00000000a2900000, 0x00000000a2900000, 0x00000000a2a00000|  0%| F|  |TAMS 0x00000000a2900000, 0x00000000a2900000| Untracked 
|  30|0x00000000a2a00000, 0x00000000a2a00000, 0x00000000a2b00000|  0%| F|  |TAMS 0x00000000a2a00000, 0x00000000a2a00000| Untracked 
|  31|0x00000000a2b00000, 0x00000000a2b00000, 0x00000000a2c00000|  0%| F|  |TAMS 0x00000000a2b00000, 0x00000000a2b00000| Untracked 
|  32|0x00000000a2c00000, 0x00000000a2c00000, 0x00000000a2d00000|  0%| F|  |TAMS 0x00000000a2c00000, 0x00000000a2c00000| Untracked 
|  33|0x00000000a2d00000, 0x00000000a2d00000, 0x00000000a2e00000|  0%| F|  |TAMS 0x00000000a2d00000, 0x00000000a2d00000| Untracked 
|  34|0x00000000a2e00000, 0x00000000a2e00000, 0x00000000a2f00000|  0%| F|  |TAMS 0x00000000a2e00000, 0x00000000a2e00000| Untracked 
|  35|0x00000000a2f00000, 0x00000000a2f00000, 0x00000000a3000000|  0%| F|  |TAMS 0x00000000a2f00000, 0x00000000a2f00000| Untracked 
|  36|0x00000000a3000000, 0x00000000a3000000, 0x00000000a3100000|  0%| F|  |TAMS 0x00000000a3000000, 0x00000000a3000000| Untracked 
|  37|0x00000000a3100000, 0x00000000a3100000, 0x00000000a3200000|  0%| F|  |TAMS 0x00000000a3100000, 0x00000000a3100000| Untracked 
|  38|0x00000000a3200000, 0x00000000a3200000, 0x00000000a3300000|  0%| F|  |TAMS 0x00000000a3200000, 0x00000000a3200000| Untracked 
|  39|0x00000000a3300000, 0x00000000a3300000, 0x00000000a3400000|  0%| F|  |TAMS 0x00000000a3300000, 0x00000000a3300000| Untracked 
|  40|0x00000000a3400000, 0x00000000a3400000, 0x00000000a3500000|  0%| F|  |TAMS 0x00000000a3400000, 0x00000000a3400000| Untracked 
|  41|0x00000000a3500000, 0x00000000a3500000, 0x00000000a3600000|  0%| F|  |TAMS 0x00000000a3500000, 0x00000000a3500000| Untracked 
|  42|0x00000000a3600000, 0x00000000a3600000, 0x00000000a3700000|  0%| F|  |TAMS 0x00000000a3600000, 0x00000000a3600000| Untracked 
|  43|0x00000000a3700000, 0x00000000a3700000, 0x00000000a3800000|  0%| F|  |TAMS 0x00000000a3700000, 0x00000000a3700000| Untracked 
|  44|0x00000000a3800000, 0x00000000a3800000, 0x00000000a3900000|  0%| F|  |TAMS 0x00000000a3800000, 0x00000000a3800000| Untracked 
|  45|0x00000000a3900000, 0x00000000a3900000, 0x00000000a3a00000|  0%| F|  |TAMS 0x00000000a3900000, 0x00000000a3900000| Untracked 
|  46|0x00000000a3a00000, 0x00000000a3a00000, 0x00000000a3b00000|  0%| F|  |TAMS 0x00000000a3a00000, 0x00000000a3a00000| Untracked 
|  47|0x00000000a3b00000, 0x00000000a3b00000, 0x00000000a3c00000|  0%| F|  |TAMS 0x00000000a3b00000, 0x00000000a3b00000| Untracked 
|  48|0x00000000a3c00000, 0x00000000a3c00000, 0x00000000a3d00000|  0%| F|  |TAMS 0x00000000a3c00000, 0x00000000a3c00000| Untracked 
|  49|0x00000000a3d00000, 0x00000000a3d00000, 0x00000000a3e00000|  0%| F|  |TAMS 0x00000000a3d00000, 0x00000000a3d00000| Untracked 
|  50|0x00000000a3e00000, 0x00000000a3e00000, 0x00000000a3f00000|  0%| F|  |TAMS 0x00000000a3e00000, 0x00000000a3e00000| Untracked 
|  51|0x00000000a3f00000, 0x00000000a3f00000, 0x00000000a4000000|  0%| F|  |TAMS 0x00000000a3f00000, 0x00000000a3f00000| Untracked 
|  52|0x00000000a4000000, 0x00000000a4000000, 0x00000000a4100000|  0%| F|  |TAMS 0x00000000a4000000, 0x00000000a4000000| Untracked 
|  53|0x00000000a4100000, 0x00000000a4100000, 0x00000000a4200000|  0%| F|  |TAMS 0x00000000a4100000, 0x00000000a4100000| Untracked 
|  54|0x00000000a4200000, 0x00000000a4200000, 0x00000000a4300000|  0%| F|  |TAMS 0x00000000a4200000, 0x00000000a4200000| Untracked 
|  55|0x00000000a4300000, 0x00000000a4300000, 0x00000000a4400000|  0%| F|  |TAMS 0x00000000a4300000, 0x00000000a4300000| Untracked 
|  56|0x00000000a4400000, 0x00000000a4400000, 0x00000000a4500000|  0%| F|  |TAMS 0x00000000a4400000, 0x00000000a4400000| Untracked 
|  57|0x00000000a4500000, 0x00000000a4500000, 0x00000000a4600000|  0%| F|  |TAMS 0x00000000a4500000, 0x00000000a4500000| Untracked 
|  58|0x00000000a4600000, 0x00000000a4600000, 0x00000000a4700000|  0%| F|  |TAMS 0x00000000a4600000, 0x00000000a4600000| Untracked 
|  59|0x00000000a4700000, 0x00000000a4700000, 0x00000000a4800000|  0%| F|  |TAMS 0x00000000a4700000, 0x00000000a4700000| Untracked 
|  60|0x00000000a4800000, 0x00000000a4800000, 0x00000000a4900000|  0%| F|  |TAMS 0x00000000a4800000, 0x00000000a4800000| Untracked 
|  61|0x00000000a4900000, 0x00000000a4900000, 0x00000000a4a00000|  0%| F|  |TAMS 0x00000000a4900000, 0x00000000a4900000| Untracked 
|  62|0x00000000a4a00000, 0x00000000a4a00000, 0x00000000a4b00000|  0%| F|  |TAMS 0x00000000a4a00000, 0x00000000a4a00000| Untracked 
|  63|0x00000000a4b00000, 0x00000000a4b00000, 0x00000000a4c00000|  0%| F|  |TAMS 0x00000000a4b00000, 0x00000000a4b00000| Untracked 
|  64|0x00000000a4c00000, 0x00000000a4c00000, 0x00000000a4d00000|  0%| F|  |TAMS 0x00000000a4c00000, 0x00000000a4c00000| Untracked 
|  65|0x00000000a4d00000, 0x00000000a4d00000, 0x00000000a4e00000|  0%| F|  |TAMS 0x00000000a4d00000, 0x00000000a4d00000| Untracked 
|  66|0x00000000a4e00000, 0x00000000a4e00000, 0x00000000a4f00000|  0%| F|  |TAMS 0x00000000a4e00000, 0x00000000a4e00000| Untracked 
|  67|0x00000000a4f00000, 0x00000000a4f00000, 0x00000000a5000000|  0%| F|  |TAMS 0x00000000a4f00000, 0x00000000a4f00000| Untracked 
|  68|0x00000000a5000000, 0x00000000a5000000, 0x00000000a5100000|  0%| F|  |TAMS 0x00000000a5000000, 0x00000000a5000000| Untracked 
|  69|0x00000000a5100000, 0x00000000a51d5510, 0x00000000a5200000| 83%| S|CS|TAMS 0x00000000a5100000, 0x00000000a5100000| Complete 
|  70|0x00000000a5200000, 0x00000000a5300000, 0x00000000a5300000|100%| S|CS|TAMS 0x00000000a5200000, 0x00000000a5200000| Complete 
|  71|0x00000000a5300000, 0x00000000a5400000, 0x00000000a5400000|100%| S|CS|TAMS 0x00000000a5300000, 0x00000000a5300000| Complete 
|  72|0x00000000a5400000, 0x00000000a5400000, 0x00000000a5500000|  0%| F|  |TAMS 0x00000000a5400000, 0x00000000a5400000| Untracked 
|  73|0x00000000a5500000, 0x00000000a5500000, 0x00000000a5600000|  0%| F|  |TAMS 0x00000000a5500000, 0x00000000a5500000| Untracked 
|  74|0x00000000a5600000, 0x00000000a5600000, 0x00000000a5700000|  0%| F|  |TAMS 0x00000000a5600000, 0x00000000a5600000| Untracked 
|  75|0x00000000a5700000, 0x00000000a5700000, 0x00000000a5800000|  0%| F|  |TAMS 0x00000000a5700000, 0x00000000a5700000| Untracked 
|  76|0x00000000a5800000, 0x00000000a5800000, 0x00000000a5900000|  0%| F|  |TAMS 0x00000000a5800000, 0x00000000a5800000| Untracked 
|  77|0x00000000a5900000, 0x00000000a5900000, 0x00000000a5a00000|  0%| F|  |TAMS 0x00000000a5900000, 0x00000000a5900000| Untracked 
|  78|0x00000000a5a00000, 0x00000000a5a00000, 0x00000000a5b00000|  0%| F|  |TAMS 0x00000000a5a00000, 0x00000000a5a00000| Untracked 
|  79|0x00000000a5b00000, 0x00000000a5b00000, 0x00000000a5c00000|  0%| F|  |TAMS 0x00000000a5b00000, 0x00000000a5b00000| Untracked 
|  80|0x00000000a5c00000, 0x00000000a5c00000, 0x00000000a5d00000|  0%| F|  |TAMS 0x00000000a5c00000, 0x00000000a5c00000| Untracked 
|  81|0x00000000a5d00000, 0x00000000a5d00000, 0x00000000a5e00000|  0%| F|  |TAMS 0x00000000a5d00000, 0x00000000a5d00000| Untracked 
|  82|0x00000000a5e00000, 0x00000000a5e00000, 0x00000000a5f00000|  0%| F|  |TAMS 0x00000000a5e00000, 0x00000000a5e00000| Untracked 
|  83|0x00000000a5f00000, 0x00000000a5f00000, 0x00000000a6000000|  0%| F|  |TAMS 0x00000000a5f00000, 0x00000000a5f00000| Untracked 
|  84|0x00000000a6000000, 0x00000000a6000000, 0x00000000a6100000|  0%| F|  |TAMS 0x00000000a6000000, 0x00000000a6000000| Untracked 
|  85|0x00000000a6100000, 0x00000000a6100000, 0x00000000a6200000|  0%| F|  |TAMS 0x00000000a6100000, 0x00000000a6100000| Untracked 
|  86|0x00000000a6200000, 0x00000000a6200000, 0x00000000a6300000|  0%| F|  |TAMS 0x00000000a6200000, 0x00000000a6200000| Untracked 
|  87|0x00000000a6300000, 0x00000000a6300000, 0x00000000a6400000|  0%| F|  |TAMS 0x00000000a6300000, 0x00000000a6300000| Untracked 
|  88|0x00000000a6400000, 0x00000000a6400000, 0x00000000a6500000|  0%| F|  |TAMS 0x00000000a6400000, 0x00000000a6400000| Untracked 
|  89|0x00000000a6500000, 0x00000000a6500000, 0x00000000a6600000|  0%| F|  |TAMS 0x00000000a6500000, 0x00000000a6500000| Untracked 
|  90|0x00000000a6600000, 0x00000000a6700000, 0x00000000a6700000|100%| E|  |TAMS 0x00000000a6600000, 0x00000000a6600000| Complete 
|  91|0x00000000a6700000, 0x00000000a6800000, 0x00000000a6800000|100%| E|CS|TAMS 0x00000000a6700000, 0x00000000a6700000| Complete 
|  92|0x00000000a6800000, 0x00000000a6900000, 0x00000000a6900000|100%| E|CS|TAMS 0x00000000a6800000, 0x00000000a6800000| Complete 
|  93|0x00000000a6900000, 0x00000000a6a00000, 0x00000000a6a00000|100%| E|CS|TAMS 0x00000000a6900000, 0x00000000a6900000| Complete 
|  94|0x00000000a6a00000, 0x00000000a6b00000, 0x00000000a6b00000|100%| E|CS|TAMS 0x00000000a6a00000, 0x00000000a6a00000| Complete 
|  95|0x00000000a6b00000, 0x00000000a6c00000, 0x00000000a6c00000|100%| E|CS|TAMS 0x00000000a6b00000, 0x00000000a6b00000| Complete 

Card table byte_map: [0x000001b92ea60000,0x000001b92ed60000] _byte_map_base: 0x000001b92e55a000

Marking Bits (Prev, Next): (CMBitMap*) 0x000001b917db7ed8, (CMBitMap*) 0x000001b917db7f10
 Prev Bits: [0x000001b92f060000, 0x000001b930830000)
 Next Bits: [0x000001b930830000, 0x000001b932000000)

Polling page: 0x000001b917560000

Metaspace:

Usage:
  Non-class:     14.03 MB capacity,    13.83 MB ( 99%) used,   153.46 KB (  1%) free+waste,    45.56 KB ( <1%) overhead. 
      Class:      1.82 MB capacity,     1.62 MB ( 89%) used,   180.26 KB ( 10%) free+waste,    24.63 KB (  1%) overhead. 
       Both:     15.85 MB capacity,    15.46 MB ( 98%) used,   333.72 KB (  2%) free+waste,    70.19 KB ( <1%) overhead. 

Virtual space:
  Non-class space:       16.00 MB reserved,      14.25 MB ( 89%) committed 
      Class space:        1.00 GB reserved,       1.88 MB ( <1%) committed 
             Both:        1.02 GB reserved,      16.13 MB (  2%) committed 

Chunk freelists:
   Non-Class:  4.50 KB
       Class:  2.50 KB
        Both:  7.00 KB

CodeHeap 'non-profiled nmethods': size=120000Kb used=475Kb max_used=475Kb free=119524Kb
 bounds [0x000001b926f00000, 0x000001b927170000, 0x000001b92e430000]
CodeHeap 'profiled nmethods': size=120000Kb used=2663Kb max_used=2663Kb free=117336Kb
 bounds [0x000001b91f9d0000, 0x000001b91fc70000, 0x000001b926f00000]
CodeHeap 'non-nmethods': size=5760Kb used=1210Kb max_used=1226Kb free=4549Kb
 bounds [0x000001b91f430000, 0x000001b91f6a0000, 0x000001b91f9d0000]
 total_blobs=2141 nmethods=1557 adapters=496
 compilation: enabled
              stopped_count=0, restarted_count=0
 full_count=0

Compilation events (10 events):
Event: 3361.811 Thread 0x000001b934a4b800 nmethod 1553 0x000001b91fc65b10 code [0x000001b91fc65cc0, 0x000001b91fc65fb8]
Event: 3361.811 Thread 0x000001b934a4b800 1554       3       jdk.internal.misc.InnocuousThread::eraseThreadLocals (23 bytes)
Event: 3361.813 Thread 0x000001b934a4b800 nmethod 1554 0x000001b91fc66110 code [0x000001b91fc662a0, 0x000001b91fc66478]
Event: 3408.107 Thread 0x000001b934a4b800 1555   !   3       sun.java2d.d3d.D3DScreenUpdateManager::run (267 bytes)
Event: 3408.111 Thread 0x000001b934a4b800 nmethod 1555 0x000001b91fc66510 code [0x000001b91fc66920, 0x000001b91fc68e58]
Event: 5625.362 Thread 0x000001b934a4a000 1556 % !   4       sun.java2d.d3d.D3DScreenUpdateManager::run @ 0 (267 bytes)
Event: 5625.402 Thread 0x000001b934a4a000 nmethod 1556% 0x000001b926f73d10 code [0x000001b926f73f00, 0x000001b926f74e38]
Event: 6136.711 Thread 0x000001b934a4a000 1557 % !   4       sun.java2d.d3d.D3DScreenUpdateManager::run @ 105 (267 bytes)
Event: 6136.752 Thread 0x000001b934a4a000 nmethod 1557% 0x000001b926f75510 code [0x000001b926f75700, 0x000001b926f76878]
Event: 6734.036 Thread 0x000001b934a4b800 1558       3       java.lang.invoke.MethodHandles$Lookup::in (168 bytes)

GC Heap History (2 events):
Event: 1.333 GC heap before
{Heap before GC invocations=0 (full 0):
 garbage-first heap   total 98304K, used 37888K [0x00000000a0c00000, 0x0000000100000000)
  region size 1024K, 24 young (24576K), 0 survivors (0K)
 Metaspace       used 14813K, capacity 15234K, committed 15360K, reserved 1062912K
  class space    used 1570K, capacity 1772K, committed 1792K, reserved 1048576K
}
Event: 1.342 GC heap after
{Heap after GC invocations=1 (full 0):
 garbage-first heap   total 98304K, used 16213K [0x00000000a0c00000, 0x0000000100000000)
  region size 1024K, 3 young (3072K), 3 survivors (3072K)
 Metaspace       used 14813K, capacity 15234K, committed 15360K, reserved 1062912K
  class space    used 1570K, capacity 1772K, committed 1792K, reserved 1048576K
}

Deoptimization events (10 events):
Event: 1.427 Thread 0x000001b93b51c800 Uncommon trap: reason=unstable_if action=reinterpret pc=0x000001b926f4f604 method=java.lang.ref.ReferenceQueue.poll()Ljava/lang/ref/Reference; @ 4 c2
Event: 3.605 Thread 0x000001b93b51c800 Uncommon trap: reason=class_check action=maybe_recompile pc=0x000001b926f0bb64 method=java.lang.String.equals(Ljava/lang/Object;)Z @ 8 c2
Event: 3.605 Thread 0x000001b93b51c800 Uncommon trap: reason=class_check action=maybe_recompile pc=0x000001b926f0bb64 method=java.lang.String.equals(Ljava/lang/Object;)Z @ 8 c2
Event: 3.605 Thread 0x000001b93b51c800 Uncommon trap: reason=class_check action=maybe_recompile pc=0x000001b926f0bb64 method=java.lang.String.equals(Ljava/lang/Object;)Z @ 8 c2
Event: 4.074 Thread 0x000001b93b51c800 Uncommon trap: reason=class_check action=maybe_recompile pc=0x000001b926f0bb64 method=java.lang.String.equals(Ljava/lang/Object;)Z @ 8 c2
Event: 4.929 Thread 0x000001b93b51c800 Uncommon trap: reason=class_check action=maybe_recompile pc=0x000001b926f5eb68 method=java.util.HashMap.getNode(ILjava/lang/Object;)Ljava/util/HashMap$Node; @ 126 c2
Event: 4.929 Thread 0x000001b93b51c800 Uncommon trap: reason=class_check action=maybe_recompile pc=0x000001b926f5eb68 method=java.util.HashMap.getNode(ILjava/lang/Object;)Ljava/util/HashMap$Node; @ 126 c2
Event: 4.929 Thread 0x000001b93b51c800 Uncommon trap: reason=class_check action=maybe_recompile pc=0x000001b926f53950 method=java.util.HashMap.getNode(ILjava/lang/Object;)Ljava/util/HashMap$Node; @ 126 c2
Event: 75.463 Thread 0x000001b93b4d6000 Uncommon trap: reason=intrinsic_or_type_checked_inlining action=make_not_entrant pc=0x000001b926f71a48 method=java.util.Arrays.copyOf([Ljava/lang/Object;ILjava/lang/Class;)[Ljava/lang/Object; @ 35 c2
Event: 577.703 Thread 0x000001b93b4d6000 Uncommon trap: reason=class_check action=make_not_entrant pc=0x000001b926f72bb0 method=java.util.ArrayList.toArray([Ljava/lang/Object;)[Ljava/lang/Object; @ 21 c2

Classes redefined (0 events):
No events

Internal exceptions (10 events):
Event: 0.696 Thread 0x000001b917d84000 Exception <a 'java/lang/NoSuchMethodError'{0x00000000a652e4c8}: java.lang.invoke.DirectMethodHandle$Holder.invokeStatic(Ljava/lang/Object;ILjava/lang/Object;)Ljava/lang/Object;> (0x00000000a652e4c8) thrown at [./open/src/hotspot/share/interpreter/linkReso
Event: 0.729 Thread 0x000001b917d84000 Exception <a 'java/lang/ClassNotFoundException'{0x00000000a65dc3a0}: com/sun/swing/internal/plaf/metal/resources/spi/metalProvider> (0x00000000a65dc3a0) thrown at [./open/src/hotspot/share/classfile/systemDictionary.cpp, line 226]
Event: 0.731 Thread 0x000001b917d84000 Exception <a 'java/lang/ClassNotFoundException'{0x00000000a65e0600}: com/sun/swing/internal/plaf/basic/resources/spi/basicProvider> (0x00000000a65e0600) thrown at [./open/src/hotspot/share/classfile/systemDictionary.cpp, line 226]
Event: 1.093 Thread 0x000001b935907800 Exception <a 'java/lang/NoSuchMethodError'{0x00000000a678e258}: java.lang.invoke.DirectMethodHandle$Holder.invokeVirtual(Ljava/lang/Object;Ljava/lang/Object;)V> (0x00000000a678e258) thrown at [./open/src/hotspot/share/interpreter/linkResolver.cpp, line 77
Event: 1.121 Thread 0x000001b917d84000 Exception <a 'java/lang/NoSuchMethodError'{0x00000000a64733d8}: java.lang.invoke.DirectMethodHandle$Holder.invokeStaticInit(Ljava/lang/Object;)V> (0x00000000a64733d8) thrown at [./open/src/hotspot/share/interpreter/linkResolver.cpp, line 772]
Event: 1.179 Thread 0x000001b917d84000 Exception <a 'java/lang/NoSuchMethodError'{0x00000000a553b9e0}: java.lang.invoke.DirectMethodHandle$Holder.invokeStatic(Ljava/lang/Object;Ljava/lang/Object;Ljava/lang/Object;Ljava/lang/Object;Ljava/lang/Object;Ljava/lang/Object;Ljava/lang/Object;Ljava/lan
Event: 1.182 Thread 0x000001b917d84000 Exception <a 'java/lang/NoSuchMethodError'{0x00000000a5559be0}: java.lang.invoke.DirectMethodHandle$Holder.invokeStatic(Ljava/lang/Object;Ljava/lang/Object;Ljava/lang/Object;Ljava/lang/Object;Ljava/lang/Object;Ljava/lang/Object;Ljava/lang/Object;Ljava/lan
Event: 1.186 Thread 0x000001b917d84000 Exception <a 'java/lang/NoSuchMethodError'{0x00000000a5578b70}: java.lang.invoke.DirectMethodHandle$Holder.invokeStatic(Ljava/lang/Object;Ljava/lang/Object;Ljava/lang/Object;Ljava/lang/Object;Ljava/lang/Object;Ljava/lang/Object;Ljava/lang/Object;Ljava/lan
Event: 1.188 Thread 0x000001b917d84000 Exception <a 'java/lang/NoSuchMethodError'{0x00000000a55ffd90}: java.lang.invoke.Invokers$Holder.linkToTargetMethod(Ljava/lang/Object;ILjava/lang/Object;)Ljava/lang/Object;> (0x00000000a55ffd90) thrown at [./open/src/hotspot/share/interpreter/linkResolver
Event: 1.209 Thread 0x000001b917d84000 Exception <a 'java/lang/NoSuchMethodError'{0x00000000a544ac80}: java.lang.invoke.DirectMethodHandle$Holder.invokeStatic(Ljava/lang/Object;Ljava/lang/Object;Ljava/lang/Object;Ljava/lang/Object;Ljava/lang/Object;Ljava/lang/Object;Ljava/lang/Object;Ljava/lan

Events (10 events):
Event: 10.770 loading class sun/awt/SunToolkit$1
Event: 10.770 loading class sun/awt/SunToolkit$1 done
Event: 75.463 Thread 0x000001b93b4d6000 Uncommon trap: trap_request=0xffffffcc fr.pc=0x000001b926f71a48 relative=0x0000000000000328
Event: 75.463 Thread 0x000001b93b4d6000 DEOPT PACKING pc=0x000001b926f71a48 sp=0x00000037d25fefd0
Event: 75.463 Thread 0x000001b93b4d6000 DEOPT UNPACKING pc=0x000001b91f45662f sp=0x00000037d25fef60 mode 2
Event: 577.703 Thread 0x000001b93b4d6000 Uncommon trap: trap_request=0xffffffdc fr.pc=0x000001b926f72bb0 relative=0x0000000000000190
Event: 577.703 Thread 0x000001b93b4d6000 DEOPT PACKING pc=0x000001b926f72bb0 sp=0x00000037d25ff030
Event: 577.703 Thread 0x000001b93b4d6000 DEOPT UNPACKING pc=0x000001b91f45662f sp=0x00000037d25feff0 mode 2
Event: 6079.864 Thread 0x000001b93b4d6000 DEOPT PACKING pc=0x000001b91fc64a31 sp=0x00000037d25ff010
Event: 6079.869 Thread 0x000001b93b4d6000 DEOPT UNPACKING pc=0x000001b91f456dde sp=0x00000037d25fe580 mode 0


Dynamic libraries:
0x00007ff601ac0000 - 0x00007ff601acf000 	D:\Java\jdk-11.0.15.1\bin\java.exe
0x00007ff86a530000 - 0x00007ff86a744000 	C:\WINDOWS\SYSTEM32\ntdll.dll
0x00007ff868e50000 - 0x00007ff868f12000 	C:\WINDOWS\System32\KERNEL32.DLL
0x00007ff867b20000 - 0x00007ff867ebd000 	C:\WINDOWS\System32\KERNELBASE.dll
0x00007ff867a00000 - 0x00007ff867b11000 	C:\WINDOWS\System32\ucrtbase.dll
0x00007ff864840000 - 0x00007ff864858000 	D:\Java\jdk-11.0.15.1\bin\jli.dll
0x00007ff853cf0000 - 0x00007ff853d05000 	D:\Java\jdk-11.0.15.1\bin\VCRUNTIME140.dll
0x00007ff868b40000 - 0x00007ff868bee000 	C:\WINDOWS\System32\ADVAPI32.dll
0x00007ff86a270000 - 0x00007ff86a317000 	C:\WINDOWS\System32\msvcrt.dll
0x00007ff868fe0000 - 0x00007ff869084000 	C:\WINDOWS\System32\sechost.dll
0x00007ff869090000 - 0x00007ff8691a5000 	C:\WINDOWS\System32\RPCRT4.dll
0x00007ff8691d0000 - 0x00007ff86937a000 	C:\WINDOWS\System32\USER32.dll
0x00007ff8535d0000 - 0x00007ff85385e000 	C:\WINDOWS\WinSxS\amd64_microsoft.windows.common-controls_6595b64144ccf1df_6.0.22621.608_none_a9444ca7c10bb01d\COMCTL32.dll
0x00007ff867960000 - 0x00007ff867986000 	C:\WINDOWS\System32\win32u.dll
0x00007ff8684f0000 - 0x00007ff868519000 	C:\WINDOWS\System32\GDI32.dll
0x00007ff867f40000 - 0x00007ff868052000 	C:\WINDOWS\System32\gdi32full.dll
0x00007ff868290000 - 0x00007ff86832a000 	C:\WINDOWS\System32\msvcp_win.dll
0x00007ff85fc10000 - 0x00007ff85fc1a000 	C:\WINDOWS\SYSTEM32\VERSION.dll
0x00007ff86a4b0000 - 0x00007ff86a4e2000 	C:\WINDOWS\System32\IMM32.DLL
0x00007ff83a1d0000 - 0x00007ff83a26b000 	D:\Java\jdk-11.0.15.1\bin\msvcp140.dll
0x00007ffffc4e0000 - 0x00007ffffcff6000 	D:\Java\jdk-11.0.15.1\bin\server\jvm.dll
0x00007ff86a260000 - 0x00007ff86a268000 	C:\WINDOWS\System32\PSAPI.DLL
0x00007ff8610d0000 - 0x00007ff861104000 	C:\WINDOWS\SYSTEM32\WINMM.dll
0x00007ff84f5c0000 - 0x00007ff84f5c9000 	C:\WINDOWS\SYSTEM32\WSOCK32.dll
0x00007ff86a320000 - 0x00007ff86a391000 	C:\WINDOWS\System32\WS2_32.dll
0x00007ff8669d0000 - 0x00007ff8669e8000 	C:\WINDOWS\SYSTEM32\kernel.appcore.dll
0x00007ff861ee0000 - 0x00007ff861ef0000 	D:\Java\jdk-11.0.15.1\bin\verify.dll
0x00007ff8652a0000 - 0x00007ff8654ce000 	C:\WINDOWS\SYSTEM32\DBGHELP.DLL
0x00007ff869db0000 - 0x00007ff86a13a000 	C:\WINDOWS\System32\combase.dll
0x00007ff868d70000 - 0x00007ff868e47000 	C:\WINDOWS\System32\OLEAUT32.dll
0x00007ff850710000 - 0x00007ff850742000 	C:\WINDOWS\SYSTEM32\dbgcore.DLL
0x00007ff867ec0000 - 0x00007ff867f3b000 	C:\WINDOWS\System32\bcryptPrimitives.dll
0x00007ff853c80000 - 0x00007ff853ca8000 	D:\Java\jdk-11.0.15.1\bin\java.dll
0x00007ff853b60000 - 0x00007ff853b6a000 	D:\Java\jdk-11.0.15.1\bin\jimage.dll
0x00007ff853b40000 - 0x00007ff853b56000 	D:\Java\jdk-11.0.15.1\bin\zip.dll
0x00007ff8695d0000 - 0x00007ff869db0000 	C:\WINDOWS\System32\SHELL32.dll
0x00007ff8659a0000 - 0x00007ff866265000 	C:\WINDOWS\SYSTEM32\windows.storage.dll
0x00007ff865860000 - 0x00007ff86599e000 	C:\WINDOWS\SYSTEM32\wintypes.dll
0x00007ff868bf0000 - 0x00007ff868ce1000 	C:\WINDOWS\System32\SHCORE.dll
0x00007ff868cf0000 - 0x00007ff868d4e000 	C:\WINDOWS\System32\shlwapi.dll
0x00007ff867890000 - 0x00007ff8678b1000 	C:\WINDOWS\SYSTEM32\profapi.dll
0x00007ff853b20000 - 0x00007ff853b39000 	D:\Java\jdk-11.0.15.1\bin\net.dll
0x00007ff860820000 - 0x00007ff86094f000 	C:\WINDOWS\SYSTEM32\WINHTTP.dll
0x00007ff866e30000 - 0x00007ff866e99000 	C:\WINDOWS\system32\mswsock.dll
0x00007ff8474e0000 - 0x00007ff8474f2000 	D:\Java\jdk-11.0.15.1\bin\nio.dll
0x00007ff839e50000 - 0x00007ff839fea000 	D:\Java\jdk-11.0.15.1\bin\awt.dll
0x00007ff8648d0000 - 0x00007ff864967000 	C:\WINDOWS\SYSTEM32\apphelp.dll
0x00007ff864d00000 - 0x00007ff864d2b000 	C:\WINDOWS\system32\DWMAPI.DLL
0x00007ff864aa0000 - 0x00007ff864b4b000 	C:\WINDOWS\system32\uxtheme.dll
0x00007ff82ffd0000 - 0x00007ff8300d0000 	C:\WINDOWS\system32\opengl32.dll
0x00007ff844c10000 - 0x00007ff844c3d000 	C:\WINDOWS\SYSTEM32\GLU32.dll
0x00007ff864bb0000 - 0x00007ff864be6000 	C:\WINDOWS\SYSTEM32\dxcore.dll
0x00007ff869380000 - 0x00007ff86949e000 	C:\WINDOWS\System32\MSCTF.dll
0x00007ff8689a0000 - 0x00007ff868b3c000 	C:\WINDOWS\System32\ole32.dll
0x00007ff85b630000 - 0x00007ff85b7d9000 	C:\WINDOWS\system32\d3d9.dll
0x00007ff85eb90000 - 0x00007ff85ed48000 	C:\Windows\System32\DriverStore\FileRepository\u0377487.inf_amd64_99415ae859206efa\B377170\aticfx64.dll
0x00007ff805f30000 - 0x00007ff805f64000 	C:\Windows\System32\DriverStore\FileRepository\u0377487.inf_amd64_99415ae859206efa\B377170\atiu9p64.dll
0x00007ffffe300000 - 0x00007fffff054000 	C:\Windows\System32\DriverStore\FileRepository\u0377487.inf_amd64_99415ae859206efa\B377170\atiumd64.dll
0x000000006f490000 - 0x0000000070303000 	C:\WINDOWS\System32\DriverStore\FileRepository\u0377487.inf_amd64_99415ae859206efa\B377170\atiumd6a.dll
0x00007ff868520000 - 0x00007ff86899a000 	C:\WINDOWS\System32\SETUPAPI.dll
0x00007ff8675c0000 - 0x00007ff86760d000 	C:\WINDOWS\SYSTEM32\POWRPROF.dll
0x00007ff867410000 - 0x00007ff867423000 	C:\WINDOWS\SYSTEM32\UMPDC.dll
0x00007ff85b060000 - 0x00007ff85b090000 	C:\WINDOWS\SYSTEM32\amdihk64.dll
0x00007ff861590000 - 0x00007ff8615d9000 	C:\WINDOWS\SYSTEM32\directxdatabasehelper.dll
0x00007ff8647d0000 - 0x00007ff8647fd000 	D:\Java\jdk-11.0.15.1\bin\javajpeg.dll
0x00007ff839dc0000 - 0x00007ff839e46000 	D:\Java\jdk-11.0.15.1\bin\freetype.dll
0x00007ff839aa0000 - 0x00007ff839b45000 	D:\Java\jdk-11.0.15.1\bin\fontmanager.dll
0x00007ff852330000 - 0x00007ff85245d000 	C:\WINDOWS\SYSTEM32\textinputframework.dll
0x00007ff8644e0000 - 0x00007ff864613000 	C:\WINDOWS\SYSTEM32\CoreMessaging.dll
0x00007ff860ad0000 - 0x00007ff860e3c000 	C:\WINDOWS\SYSTEM32\CoreUIComponents.dll
0x00007ff867090000 - 0x00007ff86709c000 	C:\WINDOWS\SYSTEM32\CRYPTBASE.DLL
0x00007ff852870000 - 0x00007ff852920000 	C:\WINDOWS\SYSTEM32\TextShaping.dll

dbghelp: loaded successfully - version: 4.0.5 - missing functions: none
symbol engine: initialized successfully - sym options: 0x614 - pdb path: .;D:\Java\jdk-11.0.15.1\bin;C:\WINDOWS\SYSTEM32;C:\WINDOWS\WinSxS\amd64_microsoft.windows.common-controls_6595b64144ccf1df_6.0.22621.608_none_a9444ca7c10bb01d;D:\Java\jdk-11.0.15.1\bin\server;C:\Windows\System32\DriverStore\FileRepository\u0377487.inf_amd64_99415ae859206efa\B377170

VM Arguments:
jvm_args: -Dfile.encoding=UTF-8 --module-path=E:\Hotel Management System in Java\Hotel Management System\build\classes 
java_command: hotel.management.system.Dashboard
java_class_path (initial): C:\Users\asus\Downloads\mysql-connector-java-8.0.28.jar;E:\Hotel Management System in Java\Hotel Management System\build\classes
Launcher Type: SUN_STANDARD

[Global flags]
     intx CICompilerCount                          = 4                                         {product} {ergonomic}
     uint ConcGCThreads                            = 2                                         {product} {ergonomic}
     uint G1ConcRefinementThreads                  = 8                                         {product} {ergonomic}
   size_t G1HeapRegionSize                         = 1048576                                   {product} {ergonomic}
    uintx GCDrainStackTargetSize                   = 64                                        {product} {ergonomic}
   size_t InitialHeapSize                          = 100663296                                 {product} {ergonomic}
   size_t MarkStackSize                            = 4194304                                   {product} {ergonomic}
   size_t MaxHeapSize                              = 1598029824                                {product} {ergonomic}
   size_t MaxNewSize                               = 958398464                                 {product} {ergonomic}
   size_t MinHeapDeltaBytes                        = 1048576                                   {product} {ergonomic}
    uintx NonNMethodCodeHeapSize                   = 5836300                                {pd product} {ergonomic}
    uintx NonProfiledCodeHeapSize                  = 122910970                              {pd product} {ergonomic}
    uintx ProfiledCodeHeapSize                     = 122910970                              {pd product} {ergonomic}
    uintx ReservedCodeCacheSize                    = 251658240                              {pd product} {ergonomic}
     bool SegmentedCodeCache                       = true                                      {product} {ergonomic}
     bool UseCompressedClassPointers               = true                                 {lp64_product} {ergonomic}
     bool UseCompressedOops                        = true                                 {lp64_product} {ergonomic}
     bool UseG1GC                                  = true                                      {product} {ergonomic}
     bool UseLargePagesIndividualAllocation        = false                                  {pd product} {ergonomic}

Logging:
Log output configuration:
 #0: stdout all=warning uptime,level,tags
 #1: stderr all=off uptime,level,tags

Environment Variables:
PATH=C:\Program Files\Common Files\Oracle\Java\javapath;D:\Oracle\app\oracle\product\10.2.0\server\bin;C:\Windows\system32;C:\Windows;C:\Windows\System32\Wbem;C:\Windows\System32\WindowsPowerShell\v1.0\;C:\Windows\System32\OpenSSH\;C:\Program Files (x86)\NVIDIA Corporation\PhysX\Common;C:\Program Files\NVIDIA Corporation\NVIDIA NvDLISR;D:\SwiProlog\swipl\bin;C:\WINDOWS\system32;C:\WINDOWS;C:\WINDOWS\System32\Wbem;C:\WINDOWS\System32\WindowsPowerShell\v1.0\;C:\WINDOWS\System32\OpenSSH\;C:\Program Files\MySQL\MySQL Shell 8.0\bin\;D:\Anaconda;D:\Anaconda\Library\mingw-w64\bin;D:\Anaconda\Library\usr\bin;D:\Anaconda\Library\bin;D:\Anaconda\Scripts;C:\Users\asus\AppData\Local\Microsoft\WindowsApps;D:\vs\Microsoft VS Code\bin;D:\INtellij Idea\IntelliJ IDEA Community Edition 2022.2.3\bin;;
USERNAME=asus
OS=Windows_NT
PROCESSOR_IDENTIFIER=AMD64 Family 23 Model 24 Stepping 1, AuthenticAMD



---------------  S Y S T E M  ---------------

OS: Windows 11 , 64 bit Build 22621 (10.0.22621.755)

CPU:total 8 (initial active 8) (8 cores per cpu, 2 threads per core) family 23 model 24 stepping 1 microcode 0x0, cmov, cx8, fxsr, mmx, sse, sse2, sse3, ssse3, sse4.1, sse4.2, popcnt, avx, avx2, aes, clmul, mmxext, 3dnowpref, lzcnt, sse4a, ht, tsc, tscinvbit, tscinv, bmi1, bmi2, adx, s

Memory: 4k page, system-wide physical 6091M (121M free)
TotalPageFile size 22135M (AvailPageFile size 1M)
current process WorkingSet (physical memory assigned to process): 19M, peak: 141M
current process commit charge ("private bytes"): 268M, peak: 271M

vm_info: Java HotSpot(TM) 64-Bit Server VM (11.0.15.1+2-LTS-10) for windows-amd64 JRE (11.0.15.1+2-LTS-10), built on Apr 25 2022 21:51:57 by "mach5one" with MS VC++ 15.9 (VS2017)

END.
